<?xml version="1.0" encoding="UTF-8"?>
<!-- Generated by org.testng.reporters.JUnitReportReporter -->
<testsuite skipped="0" hostname="DESKTOP-BD2581E" name="StepDefinitions.TestRunner" tests="3" failures="0" timestamp="27 Oct 2020 06:29:20 GMT" time="8.297" errors="0">
  <testcase name="validate_postive_response_code_received" time="2.564" classname="StepDefinitions.TestRunner"/>
  <testcase name="api_for_foreign_Exchange" time="0.829" classname="StepDefinitions.TestRunner"/>
  <testcase name="posted_with_correct_Information" time="4.904" classname="StepDefinitions.TestRunner"/>
</testsuite> <!-- StepDefinitions.TestRunner -->
