<?xml version="1.0" encoding="UTF-8"?>
<!-- Generated by org.testng.reporters.JUnitReportReporter -->
<testsuite skipped="0" hostname="DESKTOP-BD2581E" name="StepDefinitions.ResponseLogging" tests="3" failures="0" timestamp="26 Oct 2020 22:51:48 GMT" time="6.902" errors="0">
  <testcase name="posted_with_correct_Information" time="3.536" classname="StepDefinitions.ResponseLogging"/>
  <testcase name="api_for_foreign_Exchange" time="0.601" classname="StepDefinitions.ResponseLogging"/>
  <testcase name="validate_postive_response_code_received" time="2.765" classname="StepDefinitions.ResponseLogging"/>
</testsuite> <!-- StepDefinitions.ResponseLogging -->
